#
# A fatal error has been detected by the Java Runtime Environment:
#
#  EXCEPTION_ACCESS_VIOLATION (0xc0000005) at pc=0x000000006be146ac, pid=5520, tid=9176
#
# JRE version: Java(TM) SE Runtime Environment (8.0_65-b17) (build 1.8.0_65-b17)
# Java VM: Java HotSpot(TM) 64-Bit Server VM (25.65-b01 mixed mode windows-amd64 compressed oops)
# Problematic frame:
# V  [jvm.dll+0xf46ac]
#
# Failed to write core dump. Minidumps are not enabled by default on client versions of Windows
#
# If you would like to submit a bug report, please visit:
#   http://bugreport.java.com/bugreport/crash.jsp
#

---------------  T H R E A D  ---------------

Current thread (0x0000000015ff8800):  VMThread [stack: 0x0000000017cf0000,0x0000000017df0000] [id=9176]

siginfo: ExceptionCode=0xc0000005, reading address 0x0000000000000010

Registers:
RAX=0x0000000000000000, RBX=0x0000000003524150, RCX=0x00000000000000ff, RDX=0x0000000000000036
RSP=0x0000000017def0e8, RBP=0x0000000017def1f0, RSI=0x00000000000000bb, RDI=0x0000000000000036
R8 =0x0000000015ed3970, R9 =0x0000000000000003, R10=0x0000000000000003, R11=0x000000001c0421a8
R12=0x0000000017def280, R13=0x0000000017def270, R14=0x0000000000000000, R15=0x0000000000000008
RIP=0x000000006be146ac, EFLAGS=0x0000000000010202

Top of Stack: (sp=0x0000000017def0e8)
0x0000000017def0e8:   000000006bef26a6 0000000000000000
0x0000000017def0f8:   0000000000000036 00000000000000bb
0x0000000017def108:   000000001a82f0d8 0000000000000000
0x0000000017def118:   000000001a8270f0 00000000040fb268
0x0000000017def128:   00000000040faf8a 00008ed80d1e5dae
0x0000000017def138:   00000000040fae50 00000000036161a0
0x0000000017def148:   000000001a829760 0000000000000000
0x0000000017def158:   000000006bdafaa4 00000000040fb020
0x0000000017def168:   0000000000000000 0000000000000000
0x0000000017def178:   000000006c019a8e 00000000000302e8
0x0000000017def188:   000000006bdaff01 000000001a829760
0x0000000017def198:   000000001a82f0d8 000000001a829760
0x0000000017def1a8:   000000006bdbd72e 00008ed80d1e5d2e
0x0000000017def1b8:   000000006c523d68 000000001c041370
0x0000000017def1c8:   00000000040fb28f 0000000000000000
0x0000000017def1d8:   000000006bdbda0d 0000000017def2a0 

Instructions: (pc=0x000000006be146ac)
0x000000006be1468c:   5f c3 cc cc 48 63 c2 48 8b 44 c1 50 48 89 44 24
0x000000006be1469c:   08 48 8b 44 24 08 0f b6 c8 f6 d1 f6 c1 01 74 05
0x000000006be146ac:   48 8b 40 10 c3 48 83 e0 fe c3 cc cc cc cc cc cc
0x000000006be146bc:   cc cc cc cc 48 89 54 24 10 49 63 c0 48 8b 44 c1 


Register to memory mapping:

RAX=0x0000000000000000 is an unknown value
RBX=0x0000000003524150 is an unknown value
RCX=0x00000000000000ff is an unknown value
RDX=0x0000000000000036 is an unknown value
RSP=0x0000000017def0e8 is an unknown value
RBP=0x0000000017def1f0 is an unknown value
RSI=0x00000000000000bb is an unknown value
RDI=0x0000000000000036 is an unknown value
R8 =0x0000000015ed3970 is an unknown value
R9 =0x0000000000000003 is an unknown value
R10=0x0000000000000003 is an unknown value
R11=0x000000001c0421a8 is pointing into metadata
R12=0x0000000017def280 is an unknown value
R13=0x0000000017def270 is an unknown value
R14=0x0000000000000000 is an unknown value
R15=0x0000000000000008 is an unknown value


Stack: [0x0000000017cf0000,0x0000000017df0000],  sp=0x0000000017def0e8,  free space=1020k
Native frames: (J=compiled Java code, j=interpreted, Vv=VM code, C=native code)
V  [jvm.dll+0xf46ac]

VM_Operation (0x000000001874f140): RedefineClasses, mode: safepoint, requested by thread 0x00000000180e9800


---------------  P R O C E S S  ---------------

Java Threads: ( => current thread )
  0x000000001b3a6000 JavaThread "File Watcher" daemon [_thread_blocked, id=11300, stack(0x0000000021b00000,0x0000000021c00000)]
  0x000000001b3a7800 JavaThread "Thread-14" [_thread_blocked, id=7012, stack(0x0000000021100000,0x0000000021200000)]
  0x000000001b3a5800 JavaThread "Abandoned connection cleanup thread" daemon [_thread_blocked, id=5480, stack(0x000000001e100000,0x000000001e200000)]
  0x000000001b3a4000 JavaThread "DestroyJavaVM" [_thread_blocked, id=3944, stack(0x0000000003380000,0x0000000003480000)]
  0x0000000019097000 JavaThread "RMI TCP Accept-0" daemon [_thread_in_native, id=2576, stack(0x0000000019930000,0x0000000019a30000)]
  0x000000001907f000 JavaThread "RMI TCP Accept-57220" daemon [_thread_in_native, id=9504, stack(0x0000000019830000,0x0000000019930000)]
  0x0000000019016800 JavaThread "RMI TCP Accept-0" daemon [_thread_in_native, id=1636, stack(0x0000000019730000,0x0000000019830000)]
  0x000000001818d000 JavaThread "Service Thread" daemon [_thread_blocked, id=10916, stack(0x0000000018e30000,0x0000000018f30000)]
  0x000000001810b800 JavaThread "C1 CompilerThread3" daemon [_thread_blocked, id=5360, stack(0x0000000018d30000,0x0000000018e30000)]
  0x000000001810a800 JavaThread "C2 CompilerThread2" daemon [_thread_blocked, id=9208, stack(0x0000000018c30000,0x0000000018d30000)]
  0x0000000018109000 JavaThread "C2 CompilerThread1" daemon [_thread_blocked, id=6248, stack(0x0000000018b30000,0x0000000018c30000)]
  0x0000000018102800 JavaThread "C2 CompilerThread0" daemon [_thread_blocked, id=11716, stack(0x0000000018a30000,0x0000000018b30000)]
  0x00000000180f5000 JavaThread "JDWP Command Reader" daemon [_thread_in_native, id=11148, stack(0x0000000018930000,0x0000000018a30000)]
  0x00000000180f3800 JavaThread "JDWP Event Helper Thread" daemon [_thread_blocked, id=9236, stack(0x0000000018830000,0x0000000018930000)]
  0x00000000180e9800 JavaThread "JDWP Transport Listener: dt_socket" daemon [_thread_blocked, id=7400, stack(0x0000000018650000,0x0000000018750000)]
  0x00000000180da800 JavaThread "Attach Listener" daemon [_thread_blocked, id=6832, stack(0x0000000018550000,0x0000000018650000)]
  0x000000001808f000 JavaThread "Signal Dispatcher" daemon [_thread_blocked, id=5496, stack(0x0000000018450000,0x0000000018550000)]
  0x0000000015ffe000 JavaThread "Finalizer" daemon [_thread_blocked, id=8804, stack(0x0000000017ef0000,0x0000000017ff0000)]
  0x00000000035c8000 JavaThread "Reference Handler" daemon [_thread_blocked, id=11348, stack(0x0000000017df0000,0x0000000017ef0000)]

Other Threads:
=>0x0000000015ff8800 VMThread [stack: 0x0000000017cf0000,0x0000000017df0000] [id=9176]
  0x0000000019099000 WatcherThread [stack: 0x0000000019a30000,0x0000000019b30000] [id=3964]

VM state:at safepoint (normal execution)

VM Mutex/Monitor currently owned by a thread:  ([mutex/lock_event])
[0x00000000034d1c00] Threads_lock - owner thread: 0x0000000015ff8800

Heap:
 PSYoungGen      total 315904K, used 134139K [0x00000000eb380000, 0x00000000ff580000, 0x0000000100000000)
  eden space 301568K, 44% used [0x00000000eb380000,0x00000000f367edc8,0x00000000fda00000)
  from space 14336K, 0% used [0x00000000fda00000,0x00000000fda00000,0x00000000fe800000)
  to   space 13824K, 0% used [0x00000000fe800000,0x00000000fe800000,0x00000000ff580000)
 ParOldGen       total 61952K, used 31657K [0x00000000c1a00000, 0x00000000c5680000, 0x00000000eb380000)
  object space 61952K, 51% used [0x00000000c1a00000,0x00000000c38ea748,0x00000000c5680000)
 Metaspace       used 39206K, capacity 40214K, committed 40408K, reserved 1085440K
  class space    used 5099K, capacity 5296K, committed 5336K, reserved 1048576K

Card table byte_map: [0x0000000012990000,0x0000000012b90000] byte_map_base: 0x0000000012383000

Marking Bits: (ParMarkBitMap*) 0x000000006c52a5b0
 Begin Bits: [0x00000000134e0000, 0x0000000014478000)
 End Bits:   [0x0000000014478000, 0x0000000015410000)

Polling page: 0x0000000001330000

CodeCache: size=245760Kb used=11421Kb max_used=11421Kb free=234338Kb
 bounds [0x00000000035d0000, 0x0000000004100000, 0x00000000125d0000]
 total_blobs=5967 nmethods=5517 adapters=369
 compilation: enabled

Compilation events (10 events):
Event: 186.554 Thread 0x000000001810b800 5613       1       com.sun.jmx.mbeanserver.NamedObject::getObject (5 bytes)
Event: 186.554 Thread 0x000000001810b800 nmethod 5613 0x00000000040f99d0 code [0x00000000040f9b20, 0x00000000040f9c30]
Event: 186.561 Thread 0x000000001810b800 5615       1       sun.reflect.generics.parser.SignatureParser::parseSuperInterfaces (51 bytes)
Event: 186.561 Thread 0x000000001810b800 nmethod 5615 0x00000000040f9c90 code [0x00000000040f9e40, 0x00000000040fa268]
Event: 186.561 Thread 0x000000001810b800 5614       1       sun.reflect.generics.parser.SignatureParser::parseClassSignature (37 bytes)
Event: 186.561 Thread 0x000000001810b800 nmethod 5614 0x00000000040fa590 code [0x00000000040fa720, 0x00000000040fa9f8]
Event: 186.565 Thread 0x000000001810b800 5616       1       java.lang.Class::getPackage (5 bytes)
Event: 186.565 Thread 0x000000001810b800 nmethod 5616 0x00000000040fab50 code [0x00000000040faca0, 0x00000000040fadc8]
Event: 186.565 Thread 0x000000001810b800 5617       1       java.lang.Package::getPackage (46 bytes)
Event: 186.566 Thread 0x000000001810b800 nmethod 5617 0x00000000040fae50 code [0x00000000040fb020, 0x00000000040fb428]

GC Heap History (10 events):
Event: 110.571 GC heap before
{Heap before GC invocations=16 (full 3):
 PSYoungGen      total 236544K, used 231936K [0x00000000eb380000, 0x00000000fc200000, 0x0000000100000000)
  eden space 231936K, 100% used [0x00000000eb380000,0x00000000f9600000,0x00000000f9600000)
  from space 4608K, 0% used [0x00000000fbd80000,0x00000000fbd80000,0x00000000fc200000)
  to   space 14848K, 0% used [0x00000000fa500000,0x00000000fa500000,0x00000000fb380000)
 ParOldGen       total 61952K, used 25989K [0x00000000c1a00000, 0x00000000c5680000, 0x00000000eb380000)
  object space 61952K, 41% used [0x00000000c1a00000,0x00000000c3361678,0x00000000c5680000)
 Metaspace       used 38550K, capacity 39268K, committed 39512K, reserved 1083392K
  class space    used 5015K, capacity 5187K, committed 5208K, reserved 1048576K
Event: 110.577 GC heap after
Heap after GC invocations=16 (full 3):
 PSYoungGen      total 262144K, used 6373K [0x00000000eb380000, 0x00000000ff580000, 0x0000000100000000)
  eden space 247296K, 0% used [0x00000000eb380000,0x00000000eb380000,0x00000000fa500000)
  from space 14848K, 42% used [0x00000000fa500000,0x00000000fab395a8,0x00000000fb380000)
  to   space 13824K, 0% used [0x00000000fe800000,0x00000000fe800000,0x00000000ff580000)
 ParOldGen       total 61952K, used 25997K [0x00000000c1a00000, 0x00000000c5680000, 0x00000000eb380000)
  object space 61952K, 41% used [0x00000000c1a00000,0x00000000c3363678,0x00000000c5680000)
 Metaspace       used 38550K, capacity 39268K, committed 39512K, reserved 1083392K
  class space    used 5015K, capacity 5187K, committed 5208K, reserved 1048576K
}
Event: 110.588 GC heap before
{Heap before GC invocations=17 (full 3):
 PSYoungGen      total 262144K, used 21001K [0x00000000eb380000, 0x00000000ff580000, 0x0000000100000000)
  eden space 247296K, 5% used [0x00000000eb380000,0x00000000ec1c90a0,0x00000000fa500000)
  from space 14848K, 42% used [0x00000000fa500000,0x00000000fab395a8,0x00000000fb380000)
  to   space 13824K, 0% used [0x00000000fe800000,0x00000000fe800000,0x00000000ff580000)
 ParOldGen       total 61952K, used 25997K [0x00000000c1a00000, 0x00000000c5680000, 0x00000000eb380000)
  object space 61952K, 41% used [0x00000000c1a00000,0x00000000c3363678,0x00000000c5680000)
 Metaspace       used 38550K, capacity 39268K, committed 39512K, reserved 1083392K
  class space    used 5015K, capacity 5187K, committed 5208K, reserved 1048576K
Event: 110.596 GC heap after
Heap after GC invocations=17 (full 3):
 PSYoungGen      total 315392K, used 96K [0x00000000eb380000, 0x00000000ff680000, 0x0000000100000000)
  eden space 301568K, 0% used [0x00000000eb380000,0x00000000eb380000,0x00000000fda00000)
  from space 13824K, 0% used [0x00000000fe800000,0x00000000fe818000,0x00000000ff580000)
  to   space 14336K, 0% used [0x00000000fda00000,0x00000000fda00000,0x00000000fe800000)
 ParOldGen       total 61952K, used 29002K [0x00000000c1a00000, 0x00000000c5680000, 0x00000000eb380000)
  object space 61952K, 46% used [0x00000000c1a00000,0x00000000c3652b60,0x00000000c5680000)
 Metaspace       used 38550K, capacity 39268K, committed 39512K, reserved 1083392K
  class space    used 5015K, capacity 5187K, committed 5208K, reserved 1048576K
}
Event: 110.596 GC heap before
{Heap before GC invocations=18 (full 4):
 PSYoungGen      total 315392K, used 96K [0x00000000eb380000, 0x00000000ff680000, 0x0000000100000000)
  eden space 301568K, 0% used [0x00000000eb380000,0x00000000eb380000,0x00000000fda00000)
  from space 13824K, 0% used [0x00000000fe800000,0x00000000fe818000,0x00000000ff580000)
  to   space 14336K, 0% used [0x00000000fda00000,0x00000000fda00000,0x00000000fe800000)
 ParOldGen       total 61952K, used 29002K [0x00000000c1a00000, 0x00000000c5680000, 0x00000000eb380000)
  object space 61952K, 46% used [0x00000000c1a00000,0x00000000c3652b60,0x00000000c5680000)
 Metaspace       used 38550K, capacity 39268K, committed 39512K, reserved 1083392K
  class space    used 5015K, capacity 5187K, committed 5208K, reserved 1048576K
Event: 110.802 GC heap after
Heap after GC invocations=18 (full 4):
 PSYoungGen      total 315392K, used 0K [0x00000000eb380000, 0x00000000ff680000, 0x0000000100000000)
  eden space 301568K, 0% used [0x00000000eb380000,0x00000000eb380000,0x00000000fda00000)
  from space 13824K, 0% used [0x00000000fe800000,0x00000000fe800000,0x00000000ff580000)
  to   space 14336K, 0% used [0x00000000fda00000,0x00000000fda00000,0x00000000fe800000)
 ParOldGen       total 61952K, used 25464K [0x00000000c1a00000, 0x00000000c5680000, 0x00000000eb380000)
  object space 61952K, 41% used [0x00000000c1a00000,0x00000000c32de028,0x00000000c5680000)
 Metaspace       used 38550K, capacity 39268K, committed 39512K, reserved 1083392K
  class space    used 5015K, capacity 5187K, committed 5208K, reserved 1048576K
}
Event: 185.672 GC heap before
{Heap before GC invocations=19 (full 4):
 PSYoungGen      total 315392K, used 246629K [0x00000000eb380000, 0x00000000ff680000, 0x0000000100000000)
  eden space 301568K, 81% used [0x00000000eb380000,0x00000000fa459438,0x00000000fda00000)
  from space 13824K, 0% used [0x00000000fe800000,0x00000000fe800000,0x00000000ff580000)
  to   space 14336K, 0% used [0x00000000fda00000,0x00000000fda00000,0x00000000fe800000)
 ParOldGen       total 61952K, used 25464K [0x00000000c1a00000, 0x00000000c5680000, 0x00000000eb380000)
  object space 61952K, 41% used [0x00000000c1a00000,0x00000000c32de028,0x00000000c5680000)
 Metaspace       used 38975K, capacity 39806K, committed 39896K, reserved 1083392K
  class space    used 5056K, capacity 5255K, committed 5336K, reserved 1048576K
Event: 185.679 GC heap after
Heap after GC invocations=19 (full 4):
 PSYoungGen      total 315904K, used 7067K [0x00000000eb380000, 0x00000000ff580000, 0x0000000100000000)
  eden space 301568K, 0% used [0x00000000eb380000,0x00000000eb380000,0x00000000fda00000)
  from space 14336K, 49% used [0x00000000fda00000,0x00000000fe0e6cd0,0x00000000fe800000)
  to   space 13824K, 0% used [0x00000000fe800000,0x00000000fe800000,0x00000000ff580000)
 ParOldGen       total 61952K, used 25472K [0x00000000c1a00000, 0x00000000c5680000, 0x00000000eb380000)
  object space 61952K, 41% used [0x00000000c1a00000,0x00000000c32e0028,0x00000000c5680000)
 Metaspace       used 38975K, capacity 39806K, committed 39896K, reserved 1083392K
  class space    used 5056K, capacity 5255K, committed 5336K, reserved 1048576K
}
Event: 185.679 GC heap before
{Heap before GC invocations=20 (full 5):
 PSYoungGen      total 315904K, used 7067K [0x00000000eb380000, 0x00000000ff580000, 0x0000000100000000)
  eden space 301568K, 0% used [0x00000000eb380000,0x00000000eb380000,0x00000000fda00000)
  from space 14336K, 49% used [0x00000000fda00000,0x00000000fe0e6cd0,0x00000000fe800000)
  to   space 13824K, 0% used [0x00000000fe800000,0x00000000fe800000,0x00000000ff580000)
 ParOldGen       total 61952K, used 25472K [0x00000000c1a00000, 0x00000000c5680000, 0x00000000eb380000)
  object space 61952K, 41% used [0x00000000c1a00000,0x00000000c32e0028,0x00000000c5680000)
 Metaspace       used 38975K, capacity 39806K, committed 39896K, reserved 1083392K
  class space    used 5056K, capacity 5255K, committed 5336K, reserved 1048576K
Event: 185.806 GC heap after
Heap after GC invocations=20 (full 5):
 PSYoungGen      total 315904K, used 0K [0x00000000eb380000, 0x00000000ff580000, 0x0000000100000000)
  eden space 301568K, 0% used [0x00000000eb380000,0x00000000eb380000,0x00000000fda00000)
  from space 14336K, 0% used [0x00000000fda00000,0x00000000fda00000,0x00000000fe800000)
  to   space 13824K, 0% used [0x00000000fe800000,0x00000000fe800000,0x00000000ff580000)
 ParOldGen       total 61952K, used 31657K [0x00000000c1a00000, 0x00000000c5680000, 0x00000000eb380000)
  object space 61952K, 51% used [0x00000000c1a00000,0x00000000c38ea748,0x00000000c5680000)
 Metaspace       used 38975K, capacity 39806K, committed 39896K, reserved 1083392K
  class space    used 5056K, capacity 5255K, committed 5336K, reserved 1048576K
}

Deoptimization events (0 events):
No events

Internal exceptions (10 events):
Event: 186.559 Thread 0x000000001b3aa800 Exception <a 'java/lang/ArrayIndexOutOfBoundsException'> (0x00000000f3181038) thrown at [C:\workspace\8-2-build-windows-amd64-cygwin\jdk8u65\4987\hotspot\src\share\vm\runtime\sharedRuntime.cpp, line 605]
Event: 186.559 Thread 0x000000001b3aa800 Exception <a 'java/lang/ArrayIndexOutOfBoundsException'> (0x00000000f318a2f8) thrown at [C:\workspace\8-2-build-windows-amd64-cygwin\jdk8u65\4987\hotspot\src\share\vm\runtime\sharedRuntime.cpp, line 605]
Event: 186.560 Thread 0x000000001b3aa800 Exception <a 'java/lang/ArrayIndexOutOfBoundsException'> (0x00000000f3193f68) thrown at [C:\workspace\8-2-build-windows-amd64-cygwin\jdk8u65\4987\hotspot\src\share\vm\runtime\sharedRuntime.cpp, line 605]
Event: 186.560 Thread 0x000000001b3aa800 Exception <a 'java/lang/ArrayIndexOutOfBoundsException'> (0x00000000f319ced8) thrown at [C:\workspace\8-2-build-windows-amd64-cygwin\jdk8u65\4987\hotspot\src\share\vm\runtime\sharedRuntime.cpp, line 605]
Event: 186.560 Thread 0x000000001b3aa800 Exception <a 'java/lang/ArrayIndexOutOfBoundsException'> (0x00000000f319f258) thrown at [C:\workspace\8-2-build-windows-amd64-cygwin\jdk8u65\4987\hotspot\src\share\vm\runtime\sharedRuntime.cpp, line 605]
Event: 186.560 Thread 0x000000001b3aa800 Exception <a 'java/lang/ArrayIndexOutOfBoundsException'> (0x00000000f31a43e0) thrown at [C:\workspace\8-2-build-windows-amd64-cygwin\jdk8u65\4987\hotspot\src\share\vm\runtime\sharedRuntime.cpp, line 605]
Event: 186.560 Thread 0x000000001b3aa800 Exception <a 'java/lang/ArrayIndexOutOfBoundsException'> (0x00000000f31a6410) thrown at [C:\workspace\8-2-build-windows-amd64-cygwin\jdk8u65\4987\hotspot\src\share\vm\runtime\sharedRuntime.cpp, line 605]
Event: 186.560 Thread 0x000000001b3aa800 Exception <a 'java/lang/ArrayIndexOutOfBoundsException'> (0x00000000f31a88b0) thrown at [C:\workspace\8-2-build-windows-amd64-cygwin\jdk8u65\4987\hotspot\src\share\vm\runtime\sharedRuntime.cpp, line 605]
Event: 186.561 Thread 0x000000001b3aa800 Exception <a 'java/lang/ArrayIndexOutOfBoundsException'> (0x00000000f32ab108) thrown at [C:\workspace\8-2-build-windows-amd64-cygwin\jdk8u65\4987\hotspot\src\share\vm\runtime\sharedRuntime.cpp, line 605]
Event: 186.567 Thread 0x000000001b3aa800 Exception <a 'java/lang/reflect/InvocationTargetException'> (0x00000000f3366790) thrown at [C:\workspace\8-2-build-windows-amd64-cygwin\jdk8u65\4987\hotspot\src\share\vm\runtime\reflection.cpp, line 1092]

Events (10 events):
Event: 186.567 loading class org/springframework/boot/devtools/autoconfigure/FileWatchingFailureHandler$Listener
Event: 186.567 loading class org/springframework/boot/devtools/autoconfigure/FileWatchingFailureHandler$Listener done
Event: 186.567 Thread 0x000000001b3a7800 DEOPT PACKING pc=0x000000000379fd89 sp=0x00000000211fddb0
Event: 186.567 Thread 0x000000001b3a7800 DEOPT UNPACKING pc=0x000000000361787f sp=0x00000000211fdb00 mode 1
Event: 186.567 Thread 0x000000001b3a7800 DEOPT PACKING pc=0x0000000003bc4e74 sp=0x00000000211fde30
Event: 186.567 Thread 0x000000001b3a7800 DEOPT UNPACKING pc=0x000000000361787f sp=0x00000000211fdc40 mode 1
Event: 186.567 Thread 0x000000001b3a7800 DEOPT PACKING pc=0x0000000003bc4dbc sp=0x00000000211fdfb0
Event: 186.567 Thread 0x000000001b3a7800 DEOPT UNPACKING pc=0x000000000361787f sp=0x00000000211fddc0 mode 1
Event: 186.569 Thread 0x000000001b3a6000 Thread added: 0x000000001b3a6000
Event: 201.009 Executing VM operation: RedefineClasses


Dynamic libraries:
0x00007ff762c60000 - 0x00007ff762c97000 	C:\Program Files\Java\jdk1.8.0_65\bin\javaw.exe
0x00007fffa3dc0000 - 0x00007fffa3f92000 	C:\Windows\SYSTEM32\ntdll.dll
0x00007fffa3430000 - 0x00007fffa34dc000 	C:\Windows\System32\KERNEL32.DLL
0x00007fffa0f00000 - 0x00007fffa111d000 	C:\Windows\System32\KERNELBASE.dll
0x00007fffa1480000 - 0x00007fffa1522000 	C:\Windows\System32\ADVAPI32.dll
0x00007fffa1530000 - 0x00007fffa15ce000 	C:\Windows\System32\msvcrt.dll
0x00007fffa3350000 - 0x00007fffa33a9000 	C:\Windows\System32\sechost.dll
0x00007fffa1350000 - 0x00007fffa1471000 	C:\Windows\System32\RPCRT4.dll
0x00007fffa1790000 - 0x00007fffa18f5000 	C:\Windows\System32\USER32.dll
0x00007fffa0d10000 - 0x00007fffa0d2e000 	C:\Windows\System32\win32u.dll
0x00007fffa3b40000 - 0x00007fffa3b74000 	C:\Windows\System32\GDI32.dll
0x00007fffa02c0000 - 0x00007fffa0440000 	C:\Windows\System32\gdi32full.dll
0x00007fff95610000 - 0x00007fff9588a000 	C:\Windows\WinSxS\amd64_microsoft.windows.common-controls_6595b64144ccf1df_6.0.14393.953_none_42151e83c686086b\COMCTL32.dll
0x00007fffa1900000 - 0x00007fffa1bc8000 	C:\Windows\System32\combase.dll
0x00007fffa0490000 - 0x00007fffa0585000 	C:\Windows\System32\ucrtbase.dll
0x00007fffa1120000 - 0x00007fffa118a000 	C:\Windows\System32\bcryptPrimitives.dll
0x00007fffa3d90000 - 0x00007fffa3dbe000 	C:\Windows\System32\IMM32.DLL
0x000000006ba60000 - 0x000000006bb32000 	C:\Program Files\Java\jdk1.8.0_65\jre\bin\msvcr100.dll
0x000000006bd20000 - 0x000000006c5a9000 	C:\Program Files\Java\jdk1.8.0_65\jre\bin\server\jvm.dll
0x00007fffa3420000 - 0x00007fffa3428000 	C:\Windows\System32\PSAPI.DLL
0x00007fff965c0000 - 0x00007fff965c9000 	C:\Windows\SYSTEM32\WSOCK32.dll
0x00007fff9d080000 - 0x00007fff9d08a000 	C:\Windows\SYSTEM32\VERSION.dll
0x00007fff9e510000 - 0x00007fff9e533000 	C:\Windows\SYSTEM32\WINMM.dll
0x00007fffa33b0000 - 0x00007fffa341a000 	C:\Windows\System32\WS2_32.dll
0x00007fff9e3a0000 - 0x00007fff9e3cb000 	C:\Windows\SYSTEM32\WINMMBASE.dll
0x00007fffa0440000 - 0x00007fffa0482000 	C:\Windows\System32\cfgmgr32.dll
0x000000006bc30000 - 0x000000006bc3f000 	C:\Program Files\Java\jdk1.8.0_65\jre\bin\verify.dll
0x000000006bc00000 - 0x000000006bc29000 	C:\Program Files\Java\jdk1.8.0_65\jre\bin\java.dll
0x000000006ba10000 - 0x000000006ba45000 	C:\Program Files\Java\jdk1.8.0_65\jre\bin\jdwp.dll
0x000000006ba00000 - 0x000000006ba08000 	C:\Program Files\Java\jdk1.8.0_65\jre\bin\npt.dll
0x000000006bbb0000 - 0x000000006bbc6000 	C:\Program Files\Java\jdk1.8.0_65\jre\bin\zip.dll
0x00007fffa1c30000 - 0x00007fffa3138000 	C:\Windows\System32\SHELL32.dll
0x00007fffa0590000 - 0x00007fffa0c6a000 	C:\Windows\System32\windows.storage.dll
0x00007fffa0230000 - 0x00007fffa027c000 	C:\Windows\System32\powrprof.dll
0x00007fffa1bd0000 - 0x00007fffa1c22000 	C:\Windows\System32\shlwapi.dll
0x00007fffa0290000 - 0x00007fffa029f000 	C:\Windows\System32\kernel.appcore.dll
0x00007fffa1190000 - 0x00007fffa1239000 	C:\Windows\System32\shcore.dll
0x00007fffa02a0000 - 0x00007fffa02b4000 	C:\Windows\System32\profapi.dll
0x000000006b9f0000 - 0x000000006b9f9000 	C:\Program Files\Java\jdk1.8.0_65\jre\bin\dt_socket.dll
0x00007fff8ba10000 - 0x00007fff8ba26000 	C:\Windows\system32\napinsp.dll
0x00007fff8b9f0000 - 0x00007fff8ba0a000 	C:\Windows\system32\pnrpnsp.dll
0x00007fff9dde0000 - 0x00007fff9ddf8000 	C:\Windows\system32\NLAapi.dll
0x00007fff9fb60000 - 0x00007fff9fbbc000 	C:\Windows\System32\mswsock.dll
0x00007fff9f920000 - 0x00007fff9f9c1000 	C:\Windows\SYSTEM32\DNSAPI.dll
0x00007fffa3340000 - 0x00007fffa3348000 	C:\Windows\System32\NSI.dll
0x00007fff9f8e0000 - 0x00007fff9f918000 	C:\Windows\SYSTEM32\IPHLPAPI.DLL
0x00007fff8ba30000 - 0x00007fff8ba3e000 	C:\Windows\System32\winrnr.dll
0x00007fff8cdb0000 - 0x00007fff8cdc5000 	C:\Windows\System32\wshbth.dll
0x000000006cd30000 - 0x000000006cd56000 	C:\Program Files\Bonjour\mdnsNSP.dll
0x00007fff96d30000 - 0x00007fff96d9a000 	C:\Windows\System32\fwpuclnt.dll
0x00007fff9fe10000 - 0x00007fff9fe3b000 	C:\Windows\SYSTEM32\bcrypt.dll
0x00007fff90c70000 - 0x00007fff90c7a000 	C:\Windows\System32\rasadhlp.dll
0x000000006bb40000 - 0x000000006bb4d000 	C:\Program Files\Java\jdk1.8.0_65\jre\bin\management.dll
0x000000006bb90000 - 0x000000006bbaa000 	C:\Program Files\Java\jdk1.8.0_65\jre\bin\net.dll
0x000000006bb70000 - 0x000000006bb81000 	C:\Program Files\Java\jdk1.8.0_65\jre\bin\nio.dll
0x00007fff9fd10000 - 0x00007fff9fd27000 	C:\Windows\SYSTEM32\CRYPTSP.dll
0x00007fff9f760000 - 0x00007fff9f793000 	C:\Windows\system32\rsaenh.dll
0x00007fff9f9e0000 - 0x00007fff9f9ff000 	C:\Windows\SYSTEM32\USERENV.dll
0x00007fff9fd00000 - 0x00007fff9fd0b000 	C:\Windows\SYSTEM32\CRYPTBASE.dll
0x00007fff96d10000 - 0x00007fff96d26000 	C:\Windows\SYSTEM32\dhcpcsvc6.DLL
0x00007fff96aa0000 - 0x00007fff96aba000 	C:\Windows\SYSTEM32\dhcpcsvc.DLL
0x00007fff94ad0000 - 0x00007fff94c62000 	C:\Windows\SYSTEM32\dbghelp.dll

VM Arguments:
jvm_args: -agentlib:jdwp=transport=dt_socket,suspend=y,address=localhost:57221 -Dcom.sun.management.jmxremote -Dcom.sun.management.jmxremote.port=57220 -Dcom.sun.management.jmxremote.authenticate=false -Dcom.sun.management.jmxremote.ssl=false -Djava.rmi.server.hostname=localhost -Dspring.application.admin.enabled=true -Xverify:none -XX:TieredStopAtLevel=1 -Dfile.encoding=UTF-8 
java_command: com.yc.Application
java_class_path (initial): D:\software\workspace\myjava\demo-springboot-swagger2\target\classes;D:\software\Maven\MavenRepository\org\springframework\boot\spring-boot-starter\1.5.9.RELEASE\spring-boot-starter-1.5.9.RELEASE.jar;D:\software\Maven\MavenRepository\org\springframework\boot\spring-boot\1.5.9.RELEASE\spring-boot-1.5.9.RELEASE.jar;D:\software\Maven\MavenRepository\org\springframework\spring-context\4.3.13.RELEASE\spring-context-4.3.13.RELEASE.jar;D:\software\Maven\MavenRepository\org\springframework\boot\spring-boot-autoconfigure\1.5.9.RELEASE\spring-boot-autoconfigure-1.5.9.RELEASE.jar;D:\software\Maven\MavenRepository\org\springframework\boot\spring-boot-starter-logging\1.5.9.RELEASE\spring-boot-starter-logging-1.5.9.RELEASE.jar;D:\software\Maven\MavenRepository\ch\qos\logback\logback-classic\1.1.11\logback-classic-1.1.11.jar;D:\software\Maven\MavenRepository\ch\qos\logback\logback-core\1.1.11\logback-core-1.1.11.jar;D:\software\Maven\MavenRepository\org\slf4j\jcl-over-slf4j\1.7.25\jcl-over-slf4j-1.7.25.jar;D:\software\Maven\MavenRepository\org\slf4j\jul-to-slf4j\1.7.25\jul-to-slf4j-1.7.25.jar;D:\software\Maven\MavenRepository\org\slf4j\log4j-over-slf4j\1.7.25\log4j-over-slf4j-1.7.25.jar;D:\software\Maven\MavenRepository\org\springframework\spring-core\4.3.13.RELEASE\spring-core-4.3.13.RELEASE.jar;D:\software\Maven\MavenRepository\org\yaml\snakeyaml\1.17\snakeyaml-1.17.jar;D:\software\Maven\MavenRepository\org\springframework\boot\spring-boot-starter-web\1.5.9.RELEASE\spring-boot-starter-web-1.5.9.RELEASE.jar;D:\software\Maven\MavenRepository\org\springframework\boot\spring-boot-starter-tomcat\1.5.9.RELEASE\spring-boot-starter-tomcat-1.5.9.RELEASE.jar;D:\software\Maven\MavenRepository\org\apache\tomcat\embed\tomcat-embed-core\8.5.23\tomcat-embed-core-8.5.23.jar;D:\software\Maven\MavenRepository\org\apache\tomcat\tomcat-annotations-api\8.5.23\tomcat-annotations-api-8.5.23.jar;D:\software\Maven\MavenRepository\org\apache\tomcat\embed\tomcat-embed-el\8.5.2
Launcher Type: SUN_STANDARD

Environment Variables:
JAVA_HOME=C:\Program Files\Java\jdk1.8.0_65
CLASSPATH=.;C:\Program Files\Java\jdk1.8.0_65\lib;C:\Program Files\Java\jdk1.8.0_65\lib\tools.jar;C:\Program Files (x86)\scala\bin;C:\Program Files (x86)\scala\lib\dt.jar;C:\Program Files (x86)\scala\lib\tools.jar.;
PATH=C:/Program Files/Java/jdk1.8.0_65/bin/../jre/bin/server;C:/Program Files/Java/jdk1.8.0_65/bin/../jre/bin;C:/Program Files/Java/jdk1.8.0_65/bin/../jre/lib/amd64;D:\software\Anaconda\;%C:\ProgramData\Oracle\Java\javapath;D:\software\Oracle\bin;C:\Program Files\Java\jdk1.8.0_65\bin;C:\Program Files\Java\jdk1.8.0_65\jre\bin;C:\Program Files (x86)\Intel\iCLS Client\;C:\Program Files\Intel\iCLS Client\;C:\Windows\system32;C:\Windows;C:\Windows\System32\Wbem;C:\Windows\System32\WindowsPowerShell\v1.0\;C:\Program Files (x86)\NVIDIA Corporation\PhysX\Common;C:\Program Files (x86)\Intel\Intel(R) Management Engine Components\DAL;C:\Program Files\Intel\Intel(R) Management Engine Components\DAL;C:\Program Files (x86)\Intel\Intel(R) Management Engine Components\IPT;C:\Program Files\Intel\Intel(R) Management Engine Components\IPT;D:\software\git\Git\cmd;D:\software\Maven\apache-maven-3.3.9\bin;C:\Program Files (x86)\scala\bin;C:\Program Files (x86)\scala\jre\bin;D:\software\Anaconda\Scripts\;C:\Program Files (x86)\Windows Kits\8.1\Windows Performance Toolkit\;D:\software\tesseract\Tesseract-OCR\;D:\software\tesseract\Tesseract-OCR\tessdata;D:\software\VC++6.0\Tools\WinNT;D:\software\VC++6.0\MSDev98\Bin;D:\software\VC++6.0\Tools;D:\software\VC98\bin;%USERPROFILE%\AppData\Local\Microsoft\WindowsApps;;D:\software\eclipse\eclipse;
USERNAME=lzd
OS=Windows_NT
PROCESSOR_IDENTIFIER=Intel64 Family 6 Model 94 Stepping 3, GenuineIntel



---------------  S Y S T E M  ---------------

OS: Windows 10.0 , 64 bit Build 14393 (10.0.14393.1198)

CPU:total 8 (4 cores per cpu, 2 threads per core) family 6 model 94 stepping 3, cmov, cx8, fxsr, mmx, sse, sse2, sse3, ssse3, sse4.1, sse4.2, popcnt, avx, avx2, aes, clmul, erms, rtm, 3dnowpref, lzcnt, ht, tsc, tscinvbit, bmi1, bmi2, adx

Memory: 4k page, physical 4087612k(396204k free), swap 7316508k(1458480k free)

vm_info: Java HotSpot(TM) 64-Bit Server VM (25.65-b01) for windows-amd64 JRE (1.8.0_65-b17), built on Oct  6 2015 16:39:20 by "java_re" with MS VC++ 10.0 (VS2010)

time: Wed Jan 17 13:25:10 2018
elapsed time: 201 seconds (0d 0h 3m 21s)

